[2025-06-11 11:15:42] [INFO] Usuario 1 creó película: Mad Max: Fury Road (ID: 8)
[2025-06-11 11:25:41] [ERROR] Error en feed: SQLSTATE[HY093]: Invalid parameter number
[2025-06-11 11:26:03] [ERROR] Error en feed: SQLSTATE[HY093]: Invalid parameter number
[2025-06-11 11:26:08] [ERROR] Error en feed: SQLSTATE[HY093]: Invalid parameter number
[2025-06-11 11:26:39] [ERROR] Error en feed: SQLSTATE[HY093]: Invalid parameter number
[2025-06-11 11:32:11] [ERROR] Error en detalle película: SQLSTATE[HY093]: Invalid parameter number
[2025-06-11 11:32:25] [ERROR] Error en detalle película: SQLSTATE[HY093]: Invalid parameter number
[2025-06-11 11:35:30] [ERROR] Error en feed: SQLSTATE[HY093]: Invalid parameter number
[2025-06-11 11:36:15] [ERROR] Error en feed: SQLSTATE[HY093]: Invalid parameter number
[2025-06-11 11:36:51] [ERROR] Error en feed: SQLSTATE[HY093]: Invalid parameter number: parameter was not defined
[2025-06-11 11:38:33] [ERROR] Error en crear reseña: SQLSTATE[42S22]: Column not found: 1054 Unknown column 'puntuacion_promedio' in 'field list'
[2025-06-11 11:38:44] [ERROR] Error en crear reseña: SQLSTATE[42S22]: Column not found: 1054 Unknown column 'puntuacion_promedio' in 'field list'
[2025-06-11 11:38:52] [ERROR] Error en crear reseña: SQLSTATE[42S22]: Column not found: 1054 Unknown column 'puntuacion_promedio' in 'field list'
[2025-06-11 11:40:21] [ERROR] Error en gestión de likes: SQLSTATE[HY093]: Invalid parameter number
[2025-06-11 11:40:32] [ERROR] Error en gestión de likes: SQLSTATE[HY093]: Invalid parameter number
[2025-06-11 11:41:24] [ERROR] Error en gestión de likes: SQLSTATE[HY093]: Invalid parameter number
[2025-06-11 11:47:02] [ERROR] Error siguiendo usuario: SQLSTATE[23000]: Integrity constraint violation: 4025 CONSTRAINT `CONSTRAINT_1` failed for `cinefan_db`.`seguimientos`
[2025-06-11 11:49:25] [ERROR] Error en búsqueda global: SQLSTATE[HY093]: Invalid parameter number
[2025-06-11 11:50:11] [ERROR] Error en búsqueda global: SQLSTATE[HY093]: Invalid parameter number
[2025-06-11 11:50:47] [ERROR] Error en búsqueda global: SQLSTATE[HY093]: Invalid parameter number
[2025-06-11 11:51:20] [ERROR] Error en búsqueda global: SQLSTATE[HY093]: Invalid parameter number
[2025-06-11 11:51:25] [ERROR] Error en búsqueda global: SQLSTATE[HY093]: Invalid parameter number
[2025-06-11 11:53:07] [ERROR] Error en feed: SQLSTATE[HY093]: Invalid parameter number
[2025-06-11 11:56:59] [INFO] Nuevo usuario registrado: testuser11 (ID: 7)
[2025-06-11 11:59:13] [ERROR] Error en detalle película: SQLSTATE[HY093]: Invalid parameter number
[2025-06-11 14:33:12] [ERROR] Error en detalle película: SQLSTATE[HY093]: Invalid parameter number
[2025-06-11 14:34:40] [INFO] Usuario 1 creó reseña para película 5 (ID: 12)
[2025-06-11 14:35:47] [ERROR] Error en gestión de likes: SQLSTATE[HY093]: Invalid parameter number
[2025-06-11 14:35:51] [ERROR] Error en gestión de likes: SQLSTATE[HY093]: Invalid parameter number
[2025-06-11 14:35:56] [ERROR] Error en gestión de likes: SQLSTATE[HY093]: Invalid parameter number
[2025-06-11 14:36:02] [ERROR] Error en gestión de likes: SQLSTATE[HY093]: Invalid parameter number
[2025-06-11 14:36:08] [ERROR] Error en gestión de likes: SQLSTATE[HY093]: Invalid parameter number
[2025-06-11 14:38:25] [ERROR] Error en búsqueda: SQLSTATE[HY093]: Invalid parameter number
[2025-06-11 14:45:52] [INFO] Usuario 1 dio like a reseña 2
[2025-06-11 14:46:24] [INFO] Usuario 1 quitó like de reseña 2
[2025-06-11 14:47:03] [ERROR] Error en detalle película: SQLSTATE[HY093]: Invalid parameter number
[2025-06-11 14:47:25] [ERROR] Error en búsqueda: SQLSTATE[HY093]: Invalid parameter number
[2025-06-11 20:42:29] [INFO] Usuario 1 creó película: Mad Max: Fury Roaad (ID: 9)
[2025-06-11 20:45:12] [INFO] Usuario 1 dio like a reseña 7
[2025-06-11 20:45:35] [INFO] Usuario 1 quitó like de reseña 7
[2025-06-11 20:45:42] [INFO] Usuario 1 quitó like de reseña 7
[2025-06-11 20:45:47] [INFO] Usuario 1 quitó like de reseña 3
[2025-06-11 20:45:50] [INFO] Usuario 1 quitó like de reseña 3
[2025-06-11 20:45:53] [INFO] Usuario 1 quitó like de reseña 4
[2025-06-11 20:51:21] [INFO] Nuevo usuario registrado: holamundo (ID: 8)
[2025-06-11 20:52:19] [INFO] Usuario 1 creó película: Hola (ID: 10)
[2025-06-11 20:52:53] [INFO] Usuario 1 creó reseña para película 10 (ID: 13)
[2025-06-13 00:48:56] [INFO] Usuario 5 creó película: Joseo (ID: 11)
[2025-06-13 00:49:55] [ERROR] Error en crear reseña: SQLSTATE[HY000]: General error: 2006 MySQL server has gone away
[2025-06-13 00:59:02] [ERROR] Error en listar películas: Error de conexión a la base de datos: SQLSTATE[HY000] [2002] No se puede establecer una conexión ya que el equipo de destino denegó expresamente dicha conexión
[2025-06-13 00:59:04] [ERROR] Error en listar películas: Error de conexión a la base de datos: SQLSTATE[HY000] [2002] No se puede establecer una conexión ya que el equipo de destino denegó expresamente dicha conexión
[2025-06-13 01:03:58] [INFO] Usuario 5 creó reseña para película 11 (ID: 14)
[2025-06-13 05:29:09] [INFO] Usuario 5 creó película: La Película Del Joselito (ID: 12)
[2025-06-13 05:30:54] [INFO] Usuario 5 creó reseña para película 12 (ID: 15)
[2025-06-13 06:32:34] [INFO] Nuevo usuario registrado: juan (ID: 9)
[2025-06-13 06:41:18] [ERROR] Error en feed: SQLSTATE[42S02]: Base table or view not found: 1146 Table 'cinefan_db.resenas_likes' doesn't exist
[2025-06-13 06:41:47] [ERROR] Error en editar película: SQLSTATE[42S22]: Column not found: 1054 Unknown column 'fecha_modificacion' in 'field list'
[2025-06-13 06:44:30] [ERROR] Error en editar reseña: SQLSTATE[42S22]: Column not found: 1054 Unknown column 'fecha_modificacion' in 'field list'
